2023.10.31 11:58:08 INFO  Started: Metals version 1.1.0 in folders 'D:\ScalaLabs\Lab1_Malakhov' for client Visual Studio Code 1.83.1.
2023.10.31 11:58:09 WARN  Build server is not auto-connectable.
2023.10.31 11:58:09 WARN  no build tool detected in workspace 'D:\ScalaLabs\Lab1_Malakhov'. The most common cause for this problem is that the editor was opened in the wrong working directory, for example if you use sbt then the workspace directory should contain build.sbt. 
2023.10.31 11:58:33 INFO  
2023.10.31 11:58:33 INFO  Template applied in D:\ScalaLabs\Lab1_Malakhov\.\hello-world
2023.10.31 11:58:33 INFO  
2023.10.31 11:58:33 INFO  time: ran 'giter8.Giter8' in 5.43s
2023.10.31 11:58:40 INFO  Shutting down server
2023.10.31 11:58:40 INFO  shutting down Metals
2023.10.31 11:58:40 INFO  Exiting server
2023.10.31 21:36:49 INFO  Started: Metals version 1.1.0 in folders 'D:\ScalaLabs\Lab1_Malakhov' for client Visual Studio Code 1.83.1.
2023.10.31 21:36:51 WARN  Build server is not auto-connectable.
2023.10.31 21:36:51 WARN  no build tool detected in workspace 'D:\ScalaLabs\Lab1_Malakhov'. The most common cause for this problem is that the editor was opened in the wrong working directory, for example if you use sbt then the workspace directory should contain build.sbt. 
2023.10.31 21:37:05 INFO  
2023.10.31 21:37:05 INFO  Template applied in D:\ScalaLabs\Lab1_Malakhov\.\hello-world
2023.10.31 21:37:05 INFO  
2023.10.31 21:37:05 INFO  time: ran 'giter8.Giter8' in 3.99s
2023.10.31 21:37:09 INFO  Shutting down server
2023.10.31 21:37:09 INFO  shutting down Metals
2023.10.31 21:37:09 INFO  Exiting server
2023.10.31 21:50:56 INFO  Started: Metals version 1.1.0 in folders 'D:\ScalaLabs\Lab1_Malakhov' for client Visual Studio Code 1.83.1.
окт. 31, 2023 9:50:58 PM org.eclipse.lsp4j.jsonrpc.RemoteEndpoint handleCancellation
WARNING: Unmatched cancel notification for request id 1
окт. 31, 2023 9:50:58 PM org.eclipse.lsp4j.jsonrpc.RemoteEndpoint handleCancellation
WARNING: Unmatched cancel notification for request id 2
2023.10.31 21:50:58 INFO  Attempting to connect to the build server...
2023.10.31 21:50:58 INFO  Bloop uses C:\Program Files\Java\jdk-17 defined at C:\Users\Сергей\.bloop\bloop.json
2023.10.31 21:50:59 INFO  tracing is disabled for protocol BSP, to enable tracing of incoming and outgoing JSON messages create an empty file at D:\ScalaLabs\Lab1_Malakhov\.metals\bsp.trace.json or C:\Users\Сергей\AppData\Local\scalameta\metals\cache\bsp.trace.json
2023.10.31 21:50:59 INFO  Attempting to connect to the build server...
2023.10.31 21:50:59 INFO  Bloop uses C:\Program Files\Java\jdk-17 defined at C:\Users\Сергей\.bloop\bloop.json
2023.10.31 21:50:59 INFO  tracing is disabled for protocol BSP, to enable tracing of incoming and outgoing JSON messages create an empty file at D:\ScalaLabs\Lab1_Malakhov\project\.metals\bsp.trace.json or C:\Users\Сергей\AppData\Local\scalameta\metals\cache\bsp.trace.json
2023.10.31 21:50:59 INFO  time: Connected to build server in 1.35s
2023.10.31 21:50:59 INFO  Connected to Build server: Bloop v1.5.11
2023.10.31 21:51:04 INFO  no build target found for D:\ScalaLabs\Lab1_Malakhov\src\main\scala\Main.scala. Using presentation compiler with project's scala-library version: 3.3.1
2023.10.31 21:51:04 INFO  time: Imported build in 0.11s
2023.10.31 21:51:11 INFO  time: indexed workspace in 7.05s
2023.10.31 21:51:11 WARN  no build target for: D:\ScalaLabs\Lab1_Malakhov\src\main\scala\Main.scala
2023.10.31 21:51:17 INFO  time: code lens generation in 5.37s
окт. 31, 2023 9:53:37 PM org.eclipse.lsp4j.jsonrpc.services.GenericEndpoint notify
INFO: Unsupported notification method: $/setTrace
